# Logfile created on 2014-03-06 17:02:51 -0800 by logger.rb/41954
I, [2014-03-06T17:02:51.071762 #5489]  INFO -- : 0:  addressable (2.3.5) from /usr/local/rvm/gems/ruby-2.0.0-p353/specifications/addressable-2.3.5.gemspec
I, [2014-03-06T17:02:51.610680 #5489]  INFO -- : 0:  backports (3.6.0) from /usr/local/rvm/gems/ruby-2.0.0-p353/specifications/backports-3.6.0.gemspec
I, [2014-03-06T17:02:51.611056 #5489]  INFO -- : 0:  coderay (1.1.0) from /usr/local/rvm/gems/ruby-2.0.0-p353/specifications/coderay-1.1.0.gemspec
I, [2014-03-06T17:02:51.796996 #5489]  INFO -- : 0:  daemons (1.1.9) from /usr/local/rvm/gems/ruby-2.0.0-p353/specifications/daemons-1.1.9.gemspec
I, [2014-03-06T17:02:51.797671 #5489]  INFO -- : 0:  eventmachine (1.0.3) from /usr/local/rvm/gems/ruby-2.0.0-p353/specifications/eventmachine-1.0.3.gemspec
I, [2014-03-06T17:02:51.979171 #5489]  INFO -- : 0:  em-websocket (0.3.8) from /usr/local/rvm/gems/ruby-2.0.0-p353/specifications/em-websocket-0.3.8.gemspec
I, [2014-03-06T17:02:51.979724 #5489]  INFO -- : 0:  method_source (0.8.2) from /usr/local/rvm/gems/ruby-2.0.0-p353/specifications/method_source-0.8.2.gemspec
I, [2014-03-06T17:02:51.980190 #5489]  INFO -- : 0:  multi_json (1.9.0) from /usr/local/rvm/gems/ruby-2.0.0-p353/specifications/multi_json-1.9.0.gemspec
I, [2014-03-06T17:02:51.980625 #5489]  INFO -- : 0:  slop (3.4.7) from /usr/local/rvm/gems/ruby-2.0.0-p353/specifications/slop-3.4.7.gemspec
I, [2014-03-06T17:02:51.981057 #5489]  INFO -- : 0:  pry (0.9.12.6) from /usr/local/rvm/gems/ruby-2.0.0-p353/specifications/pry-0.9.12.6.gemspec
I, [2014-03-06T17:02:51.981495 #5489]  INFO -- : 0:  rack (1.5.2) from /usr/local/rvm/gems/ruby-2.0.0-p353/specifications/rack-1.5.2.gemspec
I, [2014-03-06T17:02:52.052331 #5489]  INFO -- : 0:  rack-protection (1.5.2) from /usr/local/rvm/gems/ruby-2.0.0-p353/specifications/rack-protection-1.5.2.gemspec
I, [2014-03-06T17:02:52.052964 #5489]  INFO -- : 0:  rack-test (0.6.2) from /usr/local/rvm/gems/ruby-2.0.0-p353/specifications/rack-test-0.6.2.gemspec
I, [2014-03-06T17:02:52.053414 #5489]  INFO -- : 0:  tilt (1.4.1) from /usr/local/rvm/gems/ruby-2.0.0-p353/specifications/tilt-1.4.1.gemspec
I, [2014-03-06T17:02:52.270454 #5489]  INFO -- : 0:  sinatra (1.4.4) from /usr/local/rvm/gems/ruby-2.0.0-p353/specifications/sinatra-1.4.4.gemspec
I, [2014-03-06T17:02:52.364941 #5489]  INFO -- : 0:  sinatra-contrib (1.4.2) from /usr/local/rvm/gems/ruby-2.0.0-p353/specifications/sinatra-contrib-1.4.2.gemspec
I, [2014-03-06T17:02:54.996539 #5489]  INFO -- : 0:  thin (1.6.2) from /usr/local/rvm/gems/ruby-2.0.0-p353/specifications/thin-1.6.2.gemspec
I, [2014-03-06T17:02:55.258434 #5489]  INFO -- : 0:  sinatra-websocket (0.3.0) from /usr/local/rvm/gems/ruby-2.0.0-p353/specifications/sinatra-websocket-0.3.0.gemspec
I, [2014-03-06T17:02:55.258868 #5489]  INFO -- : 0:  bundler (1.5.1) from /usr/local/rvm/gems/ruby-2.0.0-p353@global/specifications/bundler-1.5.1.gemspec
I, [2014-03-09T17:31:08.242238 #42165]  INFO -- : 0:  addressable (2.3.5) from /usr/local/rvm/gems/ruby-2.0.0-p353/specifications/addressable-2.3.5.gemspec
I, [2014-03-09T17:31:08.245290 #42165]  INFO -- : 0:  backports (3.6.0) from /usr/local/rvm/gems/ruby-2.0.0-p353/specifications/backports-3.6.0.gemspec
I, [2014-03-09T17:31:08.245588 #42165]  INFO -- : 0:  coderay (1.1.0) from /usr/local/rvm/gems/ruby-2.0.0-p353/specifications/coderay-1.1.0.gemspec
I, [2014-03-09T17:31:08.245873 #42165]  INFO -- : 0:  daemons (1.1.9) from /usr/local/rvm/gems/ruby-2.0.0-p353/specifications/daemons-1.1.9.gemspec
I, [2014-03-09T17:31:08.246144 #42165]  INFO -- : 0:  eventmachine (1.0.3) from /usr/local/rvm/gems/ruby-2.0.0-p353/specifications/eventmachine-1.0.3.gemspec
I, [2014-03-09T17:31:08.246399 #42165]  INFO -- : 0:  em-websocket (0.3.8) from /usr/local/rvm/gems/ruby-2.0.0-p353/specifications/em-websocket-0.3.8.gemspec
I, [2014-03-09T17:31:08.246647 #42165]  INFO -- : 0:  method_source (0.8.2) from /usr/local/rvm/gems/ruby-2.0.0-p353/specifications/method_source-0.8.2.gemspec
I, [2014-03-09T17:31:08.246890 #42165]  INFO -- : 0:  multi_json (1.9.0) from /usr/local/rvm/gems/ruby-2.0.0-p353/specifications/multi_json-1.9.0.gemspec
I, [2014-03-09T17:31:08.247132 #42165]  INFO -- : 0:  slop (3.4.7) from /usr/local/rvm/gems/ruby-2.0.0-p353/specifications/slop-3.4.7.gemspec
I, [2014-03-09T17:31:08.247357 #42165]  INFO -- : 0:  pry (0.9.12.6) from /usr/local/rvm/gems/ruby-2.0.0-p353/specifications/pry-0.9.12.6.gemspec
I, [2014-03-09T17:31:08.247576 #42165]  INFO -- : 0:  rack (1.5.2) from /usr/local/rvm/gems/ruby-2.0.0-p353/specifications/rack-1.5.2.gemspec
I, [2014-03-09T17:31:08.247862 #42165]  INFO -- : 0:  rack-protection (1.5.2) from /usr/local/rvm/gems/ruby-2.0.0-p353/specifications/rack-protection-1.5.2.gemspec
I, [2014-03-09T17:31:08.248134 #42165]  INFO -- : 0:  rack-test (0.6.2) from /usr/local/rvm/gems/ruby-2.0.0-p353/specifications/rack-test-0.6.2.gemspec
I, [2014-03-09T17:31:08.248375 #42165]  INFO -- : 0:  tilt (1.4.1) from /usr/local/rvm/gems/ruby-2.0.0-p353/specifications/tilt-1.4.1.gemspec
I, [2014-03-09T17:31:08.248625 #42165]  INFO -- : 0:  sinatra (1.4.4) from /usr/local/rvm/gems/ruby-2.0.0-p353/specifications/sinatra-1.4.4.gemspec
I, [2014-03-09T17:31:08.248862 #42165]  INFO -- : 0:  sinatra-contrib (1.4.2) from /usr/local/rvm/gems/ruby-2.0.0-p353/specifications/sinatra-contrib-1.4.2.gemspec
I, [2014-03-09T17:31:08.249124 #42165]  INFO -- : 0:  thin (1.6.2) from /usr/local/rvm/gems/ruby-2.0.0-p353/specifications/thin-1.6.2.gemspec
I, [2014-03-09T17:31:08.249401 #42165]  INFO -- : 0:  sinatra-websocket (0.3.0) from /usr/local/rvm/gems/ruby-2.0.0-p353/specifications/sinatra-websocket-0.3.0.gemspec
I, [2014-03-09T17:31:08.249641 #42165]  INFO -- : 0:  bundler (1.5.1) from /usr/local/rvm/gems/ruby-2.0.0-p353@global/specifications/bundler-1.5.1.gemspec
